-3330
0 40 -68
0 14 24
0 1 0
0 43 17
0 42 57
0 25 -24
0 3 -3
0 17 -45
1 26 -25
1 45 -61
1 35 47
1 8 0
2 36 -63
2 11 -99
2 3 13
2 42 -54
2 45 -81
2 29 58
2 48 59
2 22 6
2 30 21
2 8 -59
2 13 22
3 33 -98
3 27 46
3 7 46
3 25 54
3 12 -95
3 38 36
3 48 64
3 32 3
3 39 68
3 35 48
3 9 -76
3 13 -77
3 16 75
4 27 64
4 29 74
4 10 -17
4 28 -67
4 19 57
4 13 -65
4 34 16
4 32 44
4 30 24
5 12 0
5 36 -90
5 29 -76
5 42 -81
5 28 -70
5 8 38
5 45 -6
6 8 -25
6 26 52
6 7 -77
6 31 -78
6 20 81
6 14 -6
6 49 -88
6 12 -34
6 48 -42
6 36 51
6 35 -18
6 23 -3
6 44 13
6 42 32
6 39 43
6 9 76
7 40 19
7 44 47
7 47 -32
7 19 -62
7 22 -89
7 25 61
7 14 59
7 24 3
7 33 40
7 42 -39
7 26 62
7 30 -19
7 31 -51
7 18 -45
7 16 -42
7 15 40
8 44 -12
8 26 -5
8 27 -67
8 33 -6
8 34 27
8 45 -100
8 49 44
8 15 21
8 19 -50
8 17 -15
9 35 -63
9 29 -75
9 41 -24
9 36 -81
9 40 50
9 14 -78
9 24 -19
9 23 -33
9 22 -23
9 21 -68
9 43 -61
10 35 -15
10 45 11
10 39 -100
10 24 -14
10 44 -47
10 30 -84
10 29 -100
10 31 67
10 22 -21
10 21 -65
10 14 -58
10 26 43
10 41 -70
10 18 -6
11 39 55
11 32 -89
11 27 51
12 17 40
12 25 -36
12 34 -84
12 23 44
12 13 62
12 46 -81
12 38 47
12 48 34
12 35 41
13 21 27
13 27 -7
13 40 -77
13 30 -41
13 45 -17
14 22 5
14 23 53
14 34 -59
14 33 -91
15 45 -66
15 25 53
15 36 63
15 39 18
15 29 -67
15 40 -18
16 47 -94
16 42 -26
16 41 41
16 17 -74
16 40 55
16 23 -32
16 38 -11
16 18 61
17 26 53
17 19 55
17 37 33
17 33 -95
17 43 2
17 22 78
17 29 -16
18 41 5
18 37 61
18 32 -46
18 36 58
18 21 -68
19 24 23
19 49 12
19 48 23
19 25 12
19 36 -51
19 22 59
19 27 63
20 48 -16
20 36 -1
20 34 -56
21 24 55
21 25 -3
21 32 75
21 30 -68
21 47 38
21 36 -58
21 39 -92
21 48 -68
22 49 -18
22 26 1
22 35 1
22 31 -45
22 32 -53
22 24 24
23 26 47
23 39 -61
23 29 22
23 32 -84
23 25 36
23 48 7
23 40 -92
23 38 33
23 47 11
24 28 -23
24 46 20
24 42 -76
24 26 41
25 34 -19
25 47 47
26 31 9
27 29 -55
27 38 -72
27 34 -52
27 48 -41
28 48 -47
28 35 -76
29 44 49
29 31 19
29 47 -73
29 42 40
30 33 -67
30 32 -90
30 37 19
30 49 -81
30 36 -51
31 38 -34
31 39 -10
31 46 -97
31 41 -77
32 49 26
32 34 -59
32 42 -69
32 33 -93
32 35 33
33 47 41
34 35 -50
35 41 -74
35 49 -43
36 46 -51
36 43 -65
37 47 -50
37 49 -83
37 44 -57
37 48 -79
38 42 50
39 40 -83
39 42 -45
40 46 50
40 43 -12
40 48 30
44 47 -24
45 48 21
46 48 30
47 48 -18
48 49 -48
